{"C:\\Document\\Node Projects\\express-rest-api\\express-rest-api\\src\\application\\book\\book-output-dto.ts": {"path":"C:\\Document\\Node Projects\\express-rest-api\\express-rest-api\\src\\application\\book\\book-output-dto.ts","all":false,"statementMap":{"0":{"start":{"line":1,"column":0},"end":{"line":1,"column":30}},"1":{"start":{"line":2,"column":0},"end":{"line":2,"column":16}},"2":{"start":{"line":3,"column":0},"end":{"line":3,"column":27}},"3":{"start":{"line":4,"column":0},"end":{"line":4,"column":30}},"4":{"start":{"line":5,"column":0},"end":{"line":5,"column":31}},"5":{"start":{"line":6,"column":0},"end":{"line":6,"column":30}},"6":{"start":{"line":7,"column":0},"end":{"line":7,"column":32}},"7":{"start":{"line":8,"column":0},"end":{"line":8,"column":6}},"8":{"start":{"line":9,"column":0},"end":{"line":9,"column":5}},"9":{"start":{"line":10,"column":0},"end":{"line":10,"column":1}},"10":{"start":{"line":11,"column":0},"end":{"line":11,"column":0}},"11":{"start":{"line":12,"column":0},"end":{"line":12,"column":24}},"12":{"start":{"line":13,"column":0},"end":{"line":13,"column":16}},"13":{"start":{"line":14,"column":0},"end":{"line":14,"column":27}},"14":{"start":{"line":15,"column":0},"end":{"line":15,"column":30}},"15":{"start":{"line":16,"column":0},"end":{"line":16,"column":31}},"16":{"start":{"line":17,"column":0},"end":{"line":17,"column":30}},"17":{"start":{"line":18,"column":0},"end":{"line":18,"column":32}},"18":{"start":{"line":19,"column":0},"end":{"line":19,"column":6}},"19":{"start":{"line":20,"column":0},"end":{"line":20,"column":5}},"20":{"start":{"line":21,"column":0},"end":{"line":21,"column":1}}},"s":{"0":1,"1":1,"2":5,"3":5,"4":5,"5":5,"6":5,"7":5,"8":5,"9":1,"10":1,"11":1,"12":1,"13":1,"14":1,"15":1,"16":1,"17":1,"18":1,"19":1,"20":1},"branchMap":{"0":{"type":"branch","line":2,"loc":{"start":{"line":2,"column":4},"end":{"line":9,"column":5}},"locations":[{"start":{"line":2,"column":4},"end":{"line":9,"column":5}}]},"1":{"type":"branch","line":13,"loc":{"start":{"line":13,"column":4},"end":{"line":20,"column":5}},"locations":[{"start":{"line":13,"column":4},"end":{"line":20,"column":5}}]}},"b":{"0":[5],"1":[1]},"fnMap":{"0":{"name":"CreateBookOutput","decl":{"start":{"line":2,"column":4},"end":{"line":9,"column":5}},"loc":{"start":{"line":2,"column":4},"end":{"line":9,"column":5}},"line":2},"1":{"name":"BookOutput","decl":{"start":{"line":13,"column":4},"end":{"line":20,"column":5}},"loc":{"start":{"line":13,"column":4},"end":{"line":20,"column":5}},"line":13}},"f":{"0":5,"1":1}}
,"C:\\Document\\Node Projects\\express-rest-api\\express-rest-api\\src\\application\\book\\book-usecase.ts": {"path":"C:\\Document\\Node Projects\\express-rest-api\\express-rest-api\\src\\application\\book\\book-usecase.ts","all":false,"statementMap":{"0":{"start":{"line":1,"column":0},"end":{"line":1,"column":27}},"1":{"start":{"line":2,"column":0},"end":{"line":2,"column":64}},"2":{"start":{"line":3,"column":0},"end":{"line":3,"column":39}},"3":{"start":{"line":4,"column":0},"end":{"line":4,"column":41}},"4":{"start":{"line":5,"column":0},"end":{"line":5,"column":51}},"5":{"start":{"line":6,"column":0},"end":{"line":6,"column":0}},"6":{"start":{"line":7,"column":0},"end":{"line":7,"column":0}},"7":{"start":{"line":8,"column":0},"end":{"line":8,"column":0}},"8":{"start":{"line":9,"column":0},"end":{"line":9,"column":86}},"9":{"start":{"line":10,"column":0},"end":{"line":10,"column":60}},"10":{"start":{"line":11,"column":0},"end":{"line":11,"column":54}},"11":{"start":{"line":12,"column":0},"end":{"line":12,"column":39}},"12":{"start":{"line":13,"column":0},"end":{"line":13,"column":57}},"13":{"start":{"line":14,"column":0},"end":{"line":14,"column":108}},"14":{"start":{"line":15,"column":0},"end":{"line":15,"column":1}},"15":{"start":{"line":16,"column":0},"end":{"line":16,"column":0}},"16":{"start":{"line":17,"column":0},"end":{"line":17,"column":72}},"17":{"start":{"line":18,"column":0},"end":{"line":18,"column":56}},"18":{"start":{"line":19,"column":0},"end":{"line":19,"column":108}},"19":{"start":{"line":20,"column":0},"end":{"line":20,"column":14}},"20":{"start":{"line":21,"column":0},"end":{"line":21,"column":42}},"21":{"start":{"line":22,"column":0},"end":{"line":22,"column":5}},"22":{"start":{"line":23,"column":0},"end":{"line":23,"column":21}},"23":{"start":{"line":24,"column":0},"end":{"line":24,"column":108}},"24":{"start":{"line":25,"column":0},"end":{"line":25,"column":1}},"25":{"start":{"line":26,"column":0},"end":{"line":26,"column":0}},"26":{"start":{"line":27,"column":0},"end":{"line":27,"column":53}},"27":{"start":{"line":28,"column":0},"end":{"line":28,"column":36}},"28":{"start":{"line":29,"column":0},"end":{"line":29,"column":1}}},"s":{"0":1,"1":1,"2":1,"3":1,"4":1,"5":1,"6":1,"7":1,"8":6,"9":6,"10":6,"11":6,"12":6,"13":6,"14":6,"15":1,"16":3,"17":3,"18":2,"19":3,"20":0,"21":0,"22":2,"23":2,"24":2,"25":1,"26":2,"27":2,"28":2},"branchMap":{"0":{"type":"branch","line":9,"loc":{"start":{"line":9,"column":0},"end":{"line":15,"column":1}},"locations":[{"start":{"line":9,"column":0},"end":{"line":15,"column":1}}]},"1":{"type":"branch","line":17,"loc":{"start":{"line":17,"column":0},"end":{"line":25,"column":1}},"locations":[{"start":{"line":17,"column":0},"end":{"line":25,"column":1}}]},"2":{"type":"branch","line":19,"loc":{"start":{"line":19,"column":-2},"end":{"line":20,"column":13}},"locations":[{"start":{"line":19,"column":-2},"end":{"line":20,"column":13}}]},"3":{"type":"branch","line":20,"loc":{"start":{"line":20,"column":13},"end":{"line":22,"column":5}},"locations":[{"start":{"line":20,"column":13},"end":{"line":22,"column":5}}]},"4":{"type":"branch","line":23,"loc":{"start":{"line":23,"column":-2},"end":{"line":25,"column":1}},"locations":[{"start":{"line":23,"column":-2},"end":{"line":25,"column":1}}]},"5":{"type":"branch","line":27,"loc":{"start":{"line":27,"column":0},"end":{"line":29,"column":1}},"locations":[{"start":{"line":27,"column":0},"end":{"line":29,"column":1}}]}},"b":{"0":[6],"1":[3],"2":[2],"3":[0],"4":[2],"5":[2]},"fnMap":{"0":{"name":"saveBook","decl":{"start":{"line":9,"column":0},"end":{"line":15,"column":1}},"loc":{"start":{"line":9,"column":0},"end":{"line":15,"column":1}},"line":9},"1":{"name":"purchaseBook","decl":{"start":{"line":17,"column":0},"end":{"line":25,"column":1}},"loc":{"start":{"line":17,"column":0},"end":{"line":25,"column":1}},"line":17},"2":{"name":"listBooks","decl":{"start":{"line":27,"column":0},"end":{"line":29,"column":1}},"loc":{"start":{"line":27,"column":0},"end":{"line":29,"column":1}},"line":27}},"f":{"0":6,"1":3,"2":2}}
,"C:\\Document\\Node Projects\\express-rest-api\\express-rest-api\\src\\application\\user\\user-output-dto.ts": {"path":"C:\\Document\\Node Projects\\express-rest-api\\express-rest-api\\src\\application\\user\\user-output-dto.ts","all":false,"statementMap":{"0":{"start":{"line":1,"column":0},"end":{"line":1,"column":30}},"1":{"start":{"line":2,"column":0},"end":{"line":2,"column":16}},"2":{"start":{"line":3,"column":0},"end":{"line":3,"column":27}},"3":{"start":{"line":4,"column":0},"end":{"line":4,"column":29}},"4":{"start":{"line":5,"column":0},"end":{"line":5,"column":30}},"5":{"start":{"line":6,"column":0},"end":{"line":6,"column":32}},"6":{"start":{"line":7,"column":0},"end":{"line":7,"column":7}},"7":{"start":{"line":8,"column":0},"end":{"line":8,"column":1}},"8":{"start":{"line":9,"column":0},"end":{"line":9,"column":0}},"9":{"start":{"line":10,"column":0},"end":{"line":10,"column":29}},"10":{"start":{"line":11,"column":0},"end":{"line":11,"column":16}},"11":{"start":{"line":12,"column":0},"end":{"line":12,"column":27}},"12":{"start":{"line":13,"column":0},"end":{"line":13,"column":30}},"13":{"start":{"line":14,"column":0},"end":{"line":14,"column":28}},"14":{"start":{"line":15,"column":0},"end":{"line":15,"column":7}},"15":{"start":{"line":16,"column":0},"end":{"line":16,"column":1}}},"s":{"0":1,"1":1,"2":2,"3":2,"4":2,"5":2,"6":2,"7":1,"8":1,"9":1,"10":1,"11":1,"12":1,"13":1,"14":1,"15":1},"branchMap":{"0":{"type":"branch","line":2,"loc":{"start":{"line":2,"column":4},"end":{"line":7,"column":7}},"locations":[{"start":{"line":2,"column":4},"end":{"line":7,"column":7}}]},"1":{"type":"branch","line":11,"loc":{"start":{"line":11,"column":4},"end":{"line":15,"column":7}},"locations":[{"start":{"line":11,"column":4},"end":{"line":15,"column":7}}]}},"b":{"0":[2],"1":[1]},"fnMap":{"0":{"name":"CreateUserOutput","decl":{"start":{"line":2,"column":4},"end":{"line":7,"column":7}},"loc":{"start":{"line":2,"column":4},"end":{"line":7,"column":7}},"line":2},"1":{"name":"LoginUserOutput","decl":{"start":{"line":11,"column":4},"end":{"line":15,"column":7}},"loc":{"start":{"line":11,"column":4},"end":{"line":15,"column":7}},"line":11}},"f":{"0":2,"1":1}}
,"C:\\Document\\Node Projects\\express-rest-api\\express-rest-api\\src\\application\\user\\user-usecase.ts": {"path":"C:\\Document\\Node Projects\\express-rest-api\\express-rest-api\\src\\application\\user\\user-usecase.ts","all":false,"statementMap":{"0":{"start":{"line":1,"column":0},"end":{"line":1,"column":41}},"1":{"start":{"line":2,"column":0},"end":{"line":2,"column":67}},"2":{"start":{"line":3,"column":0},"end":{"line":3,"column":70}},"3":{"start":{"line":4,"column":0},"end":{"line":4,"column":39}},"4":{"start":{"line":5,"column":0},"end":{"line":5,"column":0}},"5":{"start":{"line":6,"column":0},"end":{"line":6,"column":0}},"6":{"start":{"line":7,"column":0},"end":{"line":7,"column":95}},"7":{"start":{"line":8,"column":0},"end":{"line":8,"column":52}},"8":{"start":{"line":9,"column":0},"end":{"line":9,"column":46}},"9":{"start":{"line":10,"column":0},"end":{"line":10,"column":40}},"10":{"start":{"line":11,"column":0},"end":{"line":11,"column":50}},"11":{"start":{"line":12,"column":0},"end":{"line":12,"column":98}},"12":{"start":{"line":13,"column":0},"end":{"line":13,"column":1}},"13":{"start":{"line":14,"column":0},"end":{"line":14,"column":0}},"14":{"start":{"line":15,"column":0},"end":{"line":15,"column":85}},"15":{"start":{"line":16,"column":0},"end":{"line":16,"column":45}},"16":{"start":{"line":17,"column":0},"end":{"line":17,"column":80}},"17":{"start":{"line":18,"column":0},"end":{"line":18,"column":26}},"18":{"start":{"line":19,"column":0},"end":{"line":19,"column":3}}},"s":{"0":1,"1":1,"2":1,"3":1,"4":1,"5":1,"6":5,"7":5,"8":5,"9":5,"10":5,"11":5,"12":5,"13":1,"14":2,"15":2,"16":2,"17":1,"18":1},"branchMap":{"0":{"type":"branch","line":7,"loc":{"start":{"line":7,"column":0},"end":{"line":13,"column":1}},"locations":[{"start":{"line":7,"column":0},"end":{"line":13,"column":1}}]},"1":{"type":"branch","line":15,"loc":{"start":{"line":15,"column":0},"end":{"line":19,"column":3}},"locations":[{"start":{"line":15,"column":0},"end":{"line":19,"column":3}}]},"2":{"type":"branch","line":18,"loc":{"start":{"line":18,"column":-2},"end":{"line":19,"column":3}},"locations":[{"start":{"line":18,"column":-2},"end":{"line":19,"column":3}}]}},"b":{"0":[5],"1":[2],"2":[1]},"fnMap":{"0":{"name":"createUserAccount","decl":{"start":{"line":7,"column":0},"end":{"line":13,"column":1}},"loc":{"start":{"line":7,"column":0},"end":{"line":13,"column":1}},"line":7},"1":{"name":"loginUser","decl":{"start":{"line":15,"column":0},"end":{"line":19,"column":3}},"loc":{"start":{"line":15,"column":0},"end":{"line":19,"column":3}},"line":15}},"f":{"0":5,"1":2}}
,"C:\\Document\\Node Projects\\express-rest-api\\express-rest-api\\src\\domain\\book.ts": {"path":"C:\\Document\\Node Projects\\express-rest-api\\express-rest-api\\src\\domain\\book.ts","all":false,"statementMap":{"0":{"start":{"line":1,"column":0},"end":{"line":1,"column":18}},"1":{"start":{"line":2,"column":0},"end":{"line":2,"column":16}},"2":{"start":{"line":3,"column":0},"end":{"line":3,"column":27}},"3":{"start":{"line":4,"column":0},"end":{"line":4,"column":29}},"4":{"start":{"line":5,"column":0},"end":{"line":5,"column":30}},"5":{"start":{"line":6,"column":0},"end":{"line":6,"column":29}},"6":{"start":{"line":7,"column":0},"end":{"line":7,"column":31}},"7":{"start":{"line":8,"column":0},"end":{"line":8,"column":10}},"8":{"start":{"line":9,"column":0},"end":{"line":9,"column":0}},"9":{"start":{"line":10,"column":0},"end":{"line":10,"column":93}},"10":{"start":{"line":11,"column":0},"end":{"line":11,"column":82}},"11":{"start":{"line":12,"column":0},"end":{"line":12,"column":97}},"12":{"start":{"line":13,"column":0},"end":{"line":13,"column":7}},"13":{"start":{"line":14,"column":0},"end":{"line":14,"column":0}},"14":{"start":{"line":15,"column":0},"end":{"line":15,"column":34}},"15":{"start":{"line":16,"column":0},"end":{"line":16,"column":39}},"16":{"start":{"line":17,"column":0},"end":{"line":17,"column":56}},"17":{"start":{"line":18,"column":0},"end":{"line":18,"column":9}},"18":{"start":{"line":19,"column":0},"end":{"line":19,"column":34}},"19":{"start":{"line":20,"column":0},"end":{"line":20,"column":7}},"20":{"start":{"line":21,"column":0},"end":{"line":21,"column":1}}},"s":{"0":1,"1":1,"2":10,"3":10,"4":10,"5":10,"6":10,"7":10,"8":1,"9":1,"10":11,"11":11,"12":11,"13":1,"14":1,"15":4,"16":2,"17":2,"18":2,"19":2,"20":1},"branchMap":{"0":{"type":"branch","line":2,"loc":{"start":{"line":2,"column":4},"end":{"line":8,"column":10}},"locations":[{"start":{"line":2,"column":4},"end":{"line":8,"column":10}}]},"1":{"type":"branch","line":10,"loc":{"start":{"line":10,"column":12},"end":{"line":13,"column":7}},"locations":[{"start":{"line":10,"column":12},"end":{"line":13,"column":7}}]},"2":{"type":"branch","line":11,"loc":{"start":{"line":11,"column":18},"end":{"line":11,"column":28}},"locations":[{"start":{"line":11,"column":18},"end":{"line":11,"column":28}}]},"3":{"type":"branch","line":11,"loc":{"start":{"line":11,"column":30},"end":{"line":11,"column":82}},"locations":[{"start":{"line":11,"column":30},"end":{"line":11,"column":82}}]},"4":{"type":"branch","line":12,"loc":{"start":{"line":12,"column":-2},"end":{"line":12,"column":36}},"locations":[{"start":{"line":12,"column":-2},"end":{"line":12,"column":36}}]},"5":{"type":"branch","line":12,"loc":{"start":{"line":12,"column":-2},"end":{"line":12,"column":27}},"locations":[{"start":{"line":12,"column":-2},"end":{"line":12,"column":27}}]},"6":{"type":"branch","line":12,"loc":{"start":{"line":12,"column":23},"end":{"line":12,"column":36}},"locations":[{"start":{"line":12,"column":23},"end":{"line":12,"column":36}}]},"7":{"type":"branch","line":12,"loc":{"start":{"line":12,"column":38},"end":{"line":12,"column":97}},"locations":[{"start":{"line":12,"column":38},"end":{"line":12,"column":97}}]},"8":{"type":"branch","line":15,"loc":{"start":{"line":15,"column":6},"end":{"line":20,"column":7}},"locations":[{"start":{"line":15,"column":6},"end":{"line":20,"column":7}}]},"9":{"type":"branch","line":16,"loc":{"start":{"line":16,"column":38},"end":{"line":20,"column":7}},"locations":[{"start":{"line":16,"column":38},"end":{"line":20,"column":7}}]}},"b":{"0":[10],"1":[11],"2":[9],"3":[3],"4":[10],"5":[8],"6":[7],"7":[2],"8":[4],"9":[2]},"fnMap":{"0":{"name":"Book","decl":{"start":{"line":2,"column":4},"end":{"line":8,"column":10}},"loc":{"start":{"line":2,"column":4},"end":{"line":8,"column":10}},"line":2},"1":{"name":"validateBookInfo","decl":{"start":{"line":10,"column":12},"end":{"line":13,"column":7}},"loc":{"start":{"line":10,"column":12},"end":{"line":13,"column":7}},"line":10},"2":{"name":"purchase","decl":{"start":{"line":15,"column":6},"end":{"line":20,"column":7}},"loc":{"start":{"line":15,"column":6},"end":{"line":20,"column":7}},"line":15}},"f":{"0":10,"1":11,"2":4}}
,"C:\\Document\\Node Projects\\express-rest-api\\express-rest-api\\src\\domain\\user.ts": {"path":"C:\\Document\\Node Projects\\express-rest-api\\express-rest-api\\src\\domain\\user.ts","all":false,"statementMap":{"0":{"start":{"line":1,"column":0},"end":{"line":1,"column":19}},"1":{"start":{"line":2,"column":0},"end":{"line":2,"column":16}},"2":{"start":{"line":3,"column":0},"end":{"line":3,"column":26}},"3":{"start":{"line":4,"column":0},"end":{"line":4,"column":28}},"4":{"start":{"line":5,"column":0},"end":{"line":5,"column":29}},"5":{"start":{"line":6,"column":0},"end":{"line":6,"column":31}},"6":{"start":{"line":7,"column":0},"end":{"line":7,"column":8}},"7":{"start":{"line":8,"column":0},"end":{"line":8,"column":0}},"8":{"start":{"line":9,"column":0},"end":{"line":9,"column":76}},"9":{"start":{"line":10,"column":0},"end":{"line":10,"column":43}},"10":{"start":{"line":11,"column":0},"end":{"line":11,"column":76}},"11":{"start":{"line":12,"column":0},"end":{"line":12,"column":9}},"12":{"start":{"line":13,"column":0},"end":{"line":13,"column":5}},"13":{"start":{"line":14,"column":0},"end":{"line":14,"column":1}}},"s":{"0":1,"1":1,"2":3,"3":3,"4":3,"5":3,"6":3,"7":1,"8":1,"9":9,"10":6,"11":6,"12":9,"13":1},"branchMap":{"0":{"type":"branch","line":2,"loc":{"start":{"line":2,"column":4},"end":{"line":7,"column":8}},"locations":[{"start":{"line":2,"column":4},"end":{"line":7,"column":8}}]},"1":{"type":"branch","line":9,"loc":{"start":{"line":9,"column":11},"end":{"line":13,"column":5}},"locations":[{"start":{"line":9,"column":11},"end":{"line":13,"column":5}}]},"2":{"type":"branch","line":10,"loc":{"start":{"line":10,"column":17},"end":{"line":10,"column":27}},"locations":[{"start":{"line":10,"column":17},"end":{"line":10,"column":27}}]},"3":{"type":"branch","line":10,"loc":{"start":{"line":10,"column":27},"end":{"line":10,"column":40}},"locations":[{"start":{"line":10,"column":27},"end":{"line":10,"column":40}}]},"4":{"type":"branch","line":10,"loc":{"start":{"line":10,"column":42},"end":{"line":12,"column":9}},"locations":[{"start":{"line":10,"column":42},"end":{"line":12,"column":9}}]}},"b":{"0":[3],"1":[9],"2":[7],"3":[5],"4":[6]},"fnMap":{"0":{"name":"User","decl":{"start":{"line":2,"column":4},"end":{"line":7,"column":8}},"loc":{"start":{"line":2,"column":4},"end":{"line":7,"column":8}},"line":2},"1":{"name":"validateUserInfo","decl":{"start":{"line":9,"column":11},"end":{"line":13,"column":5}},"loc":{"start":{"line":9,"column":11},"end":{"line":13,"column":5}},"line":9}},"f":{"0":3,"1":9}}
,"C:\\Document\\Node Projects\\express-rest-api\\express-rest-api\\test\\infrastructure\\persistence\\fake-book-adapter.ts": {"path":"C:\\Document\\Node Projects\\express-rest-api\\express-rest-api\\test\\infrastructure\\persistence\\fake-book-adapter.ts","all":false,"statementMap":{"0":{"start":{"line":1,"column":0},"end":{"line":1,"column":67}},"1":{"start":{"line":2,"column":0},"end":{"line":2,"column":73}},"2":{"start":{"line":3,"column":0},"end":{"line":3,"column":92}},"3":{"start":{"line":4,"column":0},"end":{"line":4,"column":0}},"4":{"start":{"line":5,"column":0},"end":{"line":5,"column":50}},"5":{"start":{"line":6,"column":0},"end":{"line":6,"column":54}},"6":{"start":{"line":7,"column":0},"end":{"line":7,"column":0}},"7":{"start":{"line":8,"column":0},"end":{"line":8,"column":79}},"8":{"start":{"line":9,"column":0},"end":{"line":9,"column":62}},"9":{"start":{"line":10,"column":0},"end":{"line":10,"column":32}},"10":{"start":{"line":11,"column":0},"end":{"line":11,"column":5}},"11":{"start":{"line":12,"column":0},"end":{"line":12,"column":0}},"12":{"start":{"line":13,"column":0},"end":{"line":13,"column":58}},"13":{"start":{"line":14,"column":0},"end":{"line":14,"column":44}},"14":{"start":{"line":15,"column":0},"end":{"line":15,"column":20}},"15":{"start":{"line":16,"column":0},"end":{"line":16,"column":46}},"16":{"start":{"line":17,"column":0},"end":{"line":17,"column":9}},"17":{"start":{"line":18,"column":0},"end":{"line":18,"column":20}},"18":{"start":{"line":19,"column":0},"end":{"line":19,"column":5}},"19":{"start":{"line":20,"column":0},"end":{"line":20,"column":0}},"20":{"start":{"line":21,"column":0},"end":{"line":21,"column":67}},"21":{"start":{"line":22,"column":0},"end":{"line":22,"column":59}},"22":{"start":{"line":23,"column":0},"end":{"line":23,"column":28}},"23":{"start":{"line":24,"column":0},"end":{"line":24,"column":46}},"24":{"start":{"line":25,"column":0},"end":{"line":25,"column":9}},"25":{"start":{"line":26,"column":0},"end":{"line":26,"column":50}},"26":{"start":{"line":27,"column":0},"end":{"line":27,"column":26}},"27":{"start":{"line":28,"column":0},"end":{"line":28,"column":5}},"28":{"start":{"line":29,"column":0},"end":{"line":29,"column":0}},"29":{"start":{"line":30,"column":0},"end":{"line":30,"column":44}},"30":{"start":{"line":31,"column":0},"end":{"line":31,"column":47}},"31":{"start":{"line":32,"column":0},"end":{"line":32,"column":5}},"32":{"start":{"line":33,"column":0},"end":{"line":33,"column":1}}},"s":{"0":1,"1":1,"2":1,"3":1,"4":7,"5":7,"6":7,"7":7,"8":5,"9":5,"10":5,"11":7,"12":7,"13":3,"14":3,"15":1,"16":1,"17":2,"18":2,"19":7,"20":7,"21":1,"22":1,"23":0,"24":0,"25":1,"26":1,"27":1,"28":7,"29":7,"30":2,"31":2,"32":7},"branchMap":{"0":{"type":"branch","line":5,"loc":{"start":{"line":5,"column":0},"end":{"line":33,"column":1}},"locations":[{"start":{"line":5,"column":0},"end":{"line":33,"column":1}}]},"1":{"type":"branch","line":8,"loc":{"start":{"line":8,"column":10},"end":{"line":11,"column":5}},"locations":[{"start":{"line":8,"column":10},"end":{"line":11,"column":5}}]},"2":{"type":"branch","line":13,"loc":{"start":{"line":13,"column":10},"end":{"line":19,"column":5}},"locations":[{"start":{"line":13,"column":10},"end":{"line":19,"column":5}}]},"3":{"type":"branch","line":15,"loc":{"start":{"line":15,"column":19},"end":{"line":17,"column":9}},"locations":[{"start":{"line":15,"column":19},"end":{"line":17,"column":9}}]},"4":{"type":"branch","line":18,"loc":{"start":{"line":18,"column":-2},"end":{"line":19,"column":5}},"locations":[{"start":{"line":18,"column":-2},"end":{"line":19,"column":5}}]},"5":{"type":"branch","line":21,"loc":{"start":{"line":21,"column":10},"end":{"line":28,"column":5}},"locations":[{"start":{"line":21,"column":10},"end":{"line":28,"column":5}}]},"6":{"type":"branch","line":23,"loc":{"start":{"line":23,"column":27},"end":{"line":25,"column":9}},"locations":[{"start":{"line":23,"column":27},"end":{"line":25,"column":9}}]},"7":{"type":"branch","line":30,"loc":{"start":{"line":30,"column":10},"end":{"line":32,"column":5}},"locations":[{"start":{"line":30,"column":10},"end":{"line":32,"column":5}}]}},"b":{"0":[7],"1":[5],"2":[3],"3":[1],"4":[2],"5":[1],"6":[0],"7":[2]},"fnMap":{"0":{"name":"FakeBookAdapter","decl":{"start":{"line":5,"column":0},"end":{"line":33,"column":1}},"loc":{"start":{"line":5,"column":0},"end":{"line":33,"column":1}},"line":5},"1":{"name":"save","decl":{"start":{"line":8,"column":10},"end":{"line":11,"column":5}},"loc":{"start":{"line":8,"column":10},"end":{"line":11,"column":5}},"line":8},"2":{"name":"findBookBy","decl":{"start":{"line":13,"column":10},"end":{"line":19,"column":5}},"loc":{"start":{"line":13,"column":10},"end":{"line":19,"column":5}},"line":13},"3":{"name":"updateBook","decl":{"start":{"line":21,"column":10},"end":{"line":28,"column":5}},"loc":{"start":{"line":21,"column":10},"end":{"line":28,"column":5}},"line":21},"4":{"name":"findAll","decl":{"start":{"line":30,"column":10},"end":{"line":32,"column":5}},"loc":{"start":{"line":30,"column":10},"end":{"line":32,"column":5}},"line":30}},"f":{"0":7,"1":5,"2":3,"3":1,"4":2}}
,"C:\\Document\\Node Projects\\express-rest-api\\express-rest-api\\test\\infrastructure\\persistence\\fake-user-adapter.ts": {"path":"C:\\Document\\Node Projects\\express-rest-api\\express-rest-api\\test\\infrastructure\\persistence\\fake-user-adapter.ts","all":false,"statementMap":{"0":{"start":{"line":1,"column":0},"end":{"line":1,"column":67}},"1":{"start":{"line":2,"column":0},"end":{"line":2,"column":97}},"2":{"start":{"line":3,"column":0},"end":{"line":3,"column":0}},"3":{"start":{"line":4,"column":0},"end":{"line":4,"column":50}},"4":{"start":{"line":5,"column":0},"end":{"line":5,"column":61}},"5":{"start":{"line":6,"column":0},"end":{"line":6,"column":0}},"6":{"start":{"line":7,"column":0},"end":{"line":7,"column":79}},"7":{"start":{"line":8,"column":0},"end":{"line":8,"column":62}},"8":{"start":{"line":9,"column":0},"end":{"line":9,"column":32}},"9":{"start":{"line":10,"column":0},"end":{"line":10,"column":5}},"10":{"start":{"line":11,"column":0},"end":{"line":11,"column":0}},"11":{"start":{"line":12,"column":0},"end":{"line":12,"column":92}},"12":{"start":{"line":13,"column":0},"end":{"line":13,"column":49}},"13":{"start":{"line":14,"column":0},"end":{"line":14,"column":69}},"14":{"start":{"line":15,"column":0},"end":{"line":15,"column":75}},"15":{"start":{"line":16,"column":0},"end":{"line":16,"column":13}},"16":{"start":{"line":17,"column":0},"end":{"line":17,"column":9}},"17":{"start":{"line":18,"column":0},"end":{"line":18,"column":53}},"18":{"start":{"line":19,"column":0},"end":{"line":19,"column":5}},"19":{"start":{"line":20,"column":0},"end":{"line":20,"column":1}}},"s":{"0":1,"1":1,"2":1,"3":6,"4":6,"5":6,"6":6,"7":2,"8":2,"9":2,"10":6,"11":6,"12":2,"13":1,"14":1,"15":1,"16":1,"17":1,"18":1,"19":6},"branchMap":{"0":{"type":"branch","line":4,"loc":{"start":{"line":4,"column":0},"end":{"line":20,"column":1}},"locations":[{"start":{"line":4,"column":0},"end":{"line":20,"column":1}}]},"1":{"type":"branch","line":7,"loc":{"start":{"line":7,"column":10},"end":{"line":10,"column":5}},"locations":[{"start":{"line":7,"column":10},"end":{"line":10,"column":5}}]},"2":{"type":"branch","line":12,"loc":{"start":{"line":12,"column":10},"end":{"line":19,"column":5}},"locations":[{"start":{"line":12,"column":10},"end":{"line":19,"column":5}}]},"3":{"type":"branch","line":13,"loc":{"start":{"line":13,"column":48},"end":{"line":19,"column":5}},"locations":[{"start":{"line":13,"column":48},"end":{"line":19,"column":5}}]}},"b":{"0":[6],"1":[2],"2":[2],"3":[1]},"fnMap":{"0":{"name":"FakeUserAdapter","decl":{"start":{"line":4,"column":0},"end":{"line":20,"column":1}},"loc":{"start":{"line":4,"column":0},"end":{"line":20,"column":1}},"line":4},"1":{"name":"save","decl":{"start":{"line":7,"column":10},"end":{"line":10,"column":5}},"loc":{"start":{"line":7,"column":10},"end":{"line":10,"column":5}},"line":7},"2":{"name":"verifyUserCredentials","decl":{"start":{"line":12,"column":10},"end":{"line":19,"column":5}},"loc":{"start":{"line":12,"column":10},"end":{"line":19,"column":5}},"line":12}},"f":{"0":6,"1":2,"2":2}}
}
