TN:
SF:src\application\book\book-output-dto.ts
FN:2,CreateBookOutput
FN:13,BookOutput
FNF:2
FNH:2
FNDA:5,CreateBookOutput
FNDA:1,BookOutput
DA:1,1
DA:2,1
DA:3,5
DA:4,5
DA:5,5
DA:6,5
DA:7,5
DA:8,5
DA:9,5
DA:10,1
DA:11,1
DA:12,1
DA:13,1
DA:14,1
DA:15,1
DA:16,1
DA:17,1
DA:18,1
DA:19,1
DA:20,1
DA:21,1
LF:21
LH:21
BRDA:2,0,0,5
BRDA:13,1,0,1
BRF:2
BRH:2
end_of_record
TN:
SF:src\application\book\book-usecase.ts
FN:9,saveBook
FN:17,purchaseBook
FN:27,listBooks
FNF:3
FNH:3
FNDA:6,saveBook
FNDA:3,purchaseBook
FNDA:2,listBooks
DA:1,1
DA:2,1
DA:3,1
DA:4,1
DA:5,1
DA:6,1
DA:7,1
DA:8,1
DA:9,6
DA:10,6
DA:11,6
DA:12,6
DA:13,6
DA:14,6
DA:15,6
DA:16,1
DA:17,3
DA:18,3
DA:19,2
DA:20,3
DA:21,0
DA:22,0
DA:23,2
DA:24,2
DA:25,2
DA:26,1
DA:27,2
DA:28,2
DA:29,2
LF:29
LH:27
BRDA:9,0,0,6
BRDA:17,1,0,3
BRDA:19,2,0,2
BRDA:20,3,0,0
BRDA:23,4,0,2
BRDA:27,5,0,2
BRF:6
BRH:5
end_of_record
TN:
SF:src\application\user\user-output-dto.ts
FN:2,CreateUserOutput
FN:11,LoginUserOutput
FNF:2
FNH:2
FNDA:2,CreateUserOutput
FNDA:1,LoginUserOutput
DA:1,1
DA:2,1
DA:3,2
DA:4,2
DA:5,2
DA:6,2
DA:7,2
DA:8,1
DA:9,1
DA:10,1
DA:11,1
DA:12,1
DA:13,1
DA:14,1
DA:15,1
DA:16,1
LF:16
LH:16
BRDA:2,0,0,2
BRDA:11,1,0,1
BRF:2
BRH:2
end_of_record
TN:
SF:src\application\user\user-usecase.ts
FN:7,createUserAccount
FN:15,loginUser
FNF:2
FNH:2
FNDA:5,createUserAccount
FNDA:2,loginUser
DA:1,1
DA:2,1
DA:3,1
DA:4,1
DA:5,1
DA:6,1
DA:7,5
DA:8,5
DA:9,5
DA:10,5
DA:11,5
DA:12,5
DA:13,5
DA:14,1
DA:15,2
DA:16,2
DA:17,2
DA:18,1
DA:19,1
LF:19
LH:19
BRDA:7,0,0,5
BRDA:15,1,0,2
BRDA:18,2,0,1
BRF:3
BRH:3
end_of_record
TN:
SF:src\domain\book.ts
FN:2,Book
FN:10,validateBookInfo
FN:15,purchase
FNF:3
FNH:3
FNDA:10,Book
FNDA:11,validateBookInfo
FNDA:4,purchase
DA:1,1
DA:2,1
DA:3,10
DA:4,10
DA:5,10
DA:6,10
DA:7,10
DA:8,10
DA:9,1
DA:10,1
DA:11,11
DA:12,11
DA:13,11
DA:14,1
DA:15,1
DA:16,4
DA:17,2
DA:18,2
DA:19,2
DA:20,2
DA:21,1
LF:21
LH:21
BRDA:2,0,0,10
BRDA:10,1,0,11
BRDA:11,2,0,9
BRDA:11,3,0,3
BRDA:12,4,0,10
BRDA:12,5,0,8
BRDA:12,6,0,7
BRDA:12,7,0,2
BRDA:15,8,0,4
BRDA:16,9,0,2
BRF:10
BRH:10
end_of_record
TN:
SF:src\domain\user.ts
FN:2,User
FN:9,validateUserInfo
FNF:2
FNH:2
FNDA:3,User
FNDA:9,validateUserInfo
DA:1,1
DA:2,1
DA:3,3
DA:4,3
DA:5,3
DA:6,3
DA:7,3
DA:8,1
DA:9,1
DA:10,9
DA:11,6
DA:12,6
DA:13,9
DA:14,1
LF:14
LH:14
BRDA:2,0,0,3
BRDA:9,1,0,9
BRDA:10,2,0,7
BRDA:10,3,0,5
BRDA:10,4,0,6
BRF:5
BRH:5
end_of_record
TN:
SF:test\infrastructure\persistence\fake-book-adapter.ts
FN:5,FakeBookAdapter
FN:8,save
FN:13,findBookBy
FN:21,updateBook
FN:30,findAll
FNF:5
FNH:5
FNDA:7,FakeBookAdapter
FNDA:5,save
FNDA:3,findBookBy
FNDA:1,updateBook
FNDA:2,findAll
DA:1,1
DA:2,1
DA:3,1
DA:4,1
DA:5,7
DA:6,7
DA:7,7
DA:8,7
DA:9,5
DA:10,5
DA:11,5
DA:12,7
DA:13,7
DA:14,3
DA:15,3
DA:16,1
DA:17,1
DA:18,2
DA:19,2
DA:20,7
DA:21,7
DA:22,1
DA:23,1
DA:24,0
DA:25,0
DA:26,1
DA:27,1
DA:28,1
DA:29,7
DA:30,7
DA:31,2
DA:32,2
DA:33,7
LF:33
LH:31
BRDA:5,0,0,7
BRDA:8,1,0,5
BRDA:13,2,0,3
BRDA:15,3,0,1
BRDA:18,4,0,2
BRDA:21,5,0,1
BRDA:23,6,0,0
BRDA:30,7,0,2
BRF:8
BRH:7
end_of_record
TN:
SF:test\infrastructure\persistence\fake-user-adapter.ts
FN:4,FakeUserAdapter
FN:7,save
FN:12,verifyUserCredentials
FNF:3
FNH:3
FNDA:6,FakeUserAdapter
FNDA:2,save
FNDA:2,verifyUserCredentials
DA:1,1
DA:2,1
DA:3,1
DA:4,6
DA:5,6
DA:6,6
DA:7,6
DA:8,2
DA:9,2
DA:10,2
DA:11,6
DA:12,6
DA:13,2
DA:14,1
DA:15,1
DA:16,1
DA:17,1
DA:18,1
DA:19,1
DA:20,6
LF:20
LH:20
BRDA:4,0,0,6
BRDA:7,1,0,2
BRDA:12,2,0,2
BRDA:13,3,0,1
BRF:4
BRH:4
end_of_record
